# JRE version: OpenJDK Runtime Environment (8.0_152-b01) (build 1.8.0_152-release-1343-b01)
# Java VM: OpenJDK 64-Bit Server VM (25.152-b01 mixed mode windows-amd64 compressed oops)
Heap:
 PSYoungGen      total 182272K, used 11006K [0x00000000e0000000, 0x00000000ebd80000, 0x0000000100000000)
  eden space 169984K, 6% used [0x00000000e0000000,0x00000000e0abfaa0,0x00000000ea600000)
  from space 12288K, 0% used [0x00000000eb180000,0x00000000eb180000,0x00000000ebd80000)
  to   space 11776K, 0% used [0x00000000ea600000,0x00000000ea600000,0x00000000eb180000)
 ParOldGen       total 86528K, used 32103K [0x00000000a0000000, 0x00000000a5480000, 0x00000000e0000000)
  object space 86528K, 37% used [0x00000000a0000000,0x00000000a1f59fe0,0x00000000a5480000)
 Metaspace       used 58112K, capacity 59644K, committed 59800K, reserved 1103872K
  class space    used 7861K, capacity 8269K, committed 8352K, reserved 1048576K
GC Heap History (10 events):
Event: 12.463 GC heap before
{Heap before GC invocations=11 (full 1):
 PSYoungGen      total 120320K, used 24219K [0x00000000e0000000, 0x00000000ebd80000, 0x0000000100000000)
  eden space 110080K, 12% used [0x00000000e0000000,0x00000000e0dad450,0x00000000e6b80000)
  from space 10240K, 99% used [0x00000000e6b80000,0x00000000e75799e0,0x00000000e7580000)
  to   space 12288K, 0% used [0x00000000eb180000,0x00000000eb180000,0x00000000ebd80000)
 ParOldGen       total 41984K, used 8886K [0x00000000a0000000, 0x00000000a2900000, 0x00000000e0000000)
  object space 41984K, 21% used [0x00000000a0000000,0x00000000a08ad8b0,0x00000000a2900000)
 Metaspace       used 34606K, capacity 35282K, committed 35496K, reserved 1081344K
  class space    used 4770K, capacity 4988K, committed 5040K, reserved 1048576K
Event: 12.479 GC heap after
Heap after GC invocations=11 (full 1):
 PSYoungGen      total 182272K, used 5444K [0x00000000e0000000, 0x00000000ebd80000, 0x0000000100000000)
  eden space 169984K, 0% used [0x00000000e0000000,0x00000000e0000000,0x00000000ea600000)
  from space 12288K, 44% used [0x00000000eb180000,0x00000000eb6d1038,0x00000000ebd80000)
  to   space 11776K, 0% used [0x00000000ea600000,0x00000000ea600000,0x00000000eb180000)
 ParOldGen       total 41984K, used 11806K [0x00000000a0000000, 0x00000000a2900000, 0x00000000e0000000)
  object space 41984K, 28% used [0x00000000a0000000,0x00000000a0b878c0,0x00000000a2900000)
 Metaspace       used 34606K, capacity 35282K, committed 35496K, reserved 1081344K
  class space    used 4770K, capacity 4988K, committed 5040K, reserved 1048576K
}
Event: 12.479 GC heap before
{Heap before GC invocations=12 (full 2):
 PSYoungGen      total 182272K, used 5444K [0x00000000e0000000, 0x00000000ebd80000, 0x0000000100000000)
  eden space 169984K, 0% used [0x00000000e0000000,0x00000000e0000000,0x00000000ea600000)
  from space 12288K, 44% used [0x00000000eb180000,0x00000000eb6d1038,0x00000000ebd80000)
  to   space 11776K, 0% used [0x00000000ea600000,0x00000000ea600000,0x00000000eb180000)
 ParOldGen       total 41984K, used 11806K [0x00000000a0000000, 0x00000000a2900000, 0x00000000e0000000)
  object space 41984K, 28% used [0x00000000a0000000,0x00000000a0b878c0,0x00000000a2900000)
 Metaspace       used 34606K, capacity 35282K, committed 35496K, reserved 1081344K
  class space    used 4770K, capacity 4988K, committed 5040K, reserved 1048576K
Event: 12.574 GC heap after
Heap after GC invocations=12 (full 2):
 PSYoungGen      total 182272K, used 0K [0x00000000e0000000, 0x00000000ebd80000, 0x0000000100000000)
  eden space 169984K, 0% used [0x00000000e0000000,0x00000000e0000000,0x00000000ea600000)
  from space 12288K, 0% used [0x00000000eb180000,0x00000000eb180000,0x00000000ebd80000)
  to   space 11776K, 0% used [0x00000000ea600000,0x00000000ea600000,0x00000000eb180000)
 ParOldGen       total 56320K, used 15208K [0x00000000a0000000, 0x00000000a3700000, 0x00000000e0000000)
  object space 56320K, 27% used [0x00000000a0000000,0x00000000a0eda1c8,0x00000000a3700000)
 Metaspace       used 34606K, capacity 35282K, committed 35496K, reserved 1081344K
  class space    used 4770K, capacity 4988K, committed 5040K, reserved 1048576K
}
Event: 16.319 GC heap before
{Heap before GC invocations=13 (full 2):
 PSYoungGen      total 182272K, used 169984K [0x00000000e0000000, 0x00000000ebd80000, 0x0000000100000000)
  eden space 169984K, 100% used [0x00000000e0000000,0x00000000ea600000,0x00000000ea600000)
  from space 12288K, 0% used [0x00000000eb180000,0x00000000eb180000,0x00000000ebd80000)
  to   space 11776K, 0% used [0x00000000ea600000,0x00000000ea600000,0x00000000eb180000)
 ParOldGen       total 56320K, used 15208K [0x00000000a0000000, 0x00000000a3700000, 0x00000000e0000000)
  object space 56320K, 27% used [0x00000000a0000000,0x00000000a0eda1c8,0x00000000a3700000)
 Metaspace       used 50962K, capacity 52076K, committed 52264K, reserved 1095680K
  class space    used 6806K, capacity 7095K, committed 7216K, reserved 1048576K
Event: 16.349 GC heap after
Heap after GC invocations=13 (full 2):
 PSYoungGen      total 181760K, used 11774K [0x00000000e0000000, 0x00000000ebd80000, 0x0000000100000000)
  eden space 169984K, 0% used [0x00000000e0000000,0x00000000e0000000,0x00000000ea600000)
  from space 11776K, 99% used [0x00000000ea600000,0x00000000eb17f8e0,0x00000000eb180000)
  to   space 12288K, 0% used [0x00000000eb180000,0x00000000eb180000,0x00000000ebd80000)
 ParOldGen       total 56320K, used 22381K [0x00000000a0000000, 0x00000000a3700000, 0x00000000e0000000)
  object space 56320K, 39% used [0x00000000a0000000,0x00000000a15db448,0x00000000a3700000)
 Metaspace       used 50962K, capacity 52076K, committed 52264K, reserved 1095680K
  class space    used 6806K, capacity 7095K, committed 7216K, reserved 1048576K
}
Event: 17.830 GC heap before
{Heap before GC invocations=14 (full 2):
 PSYoungGen      total 181760K, used 95795K [0x00000000e0000000, 0x00000000ebd80000, 0x0000000100000000)
  eden space 169984K, 49% used [0x00000000e0000000,0x00000000e520d3a0,0x00000000ea600000)
  from space 11776K, 99% used [0x00000000ea600000,0x00000000eb17f8e0,0x00000000eb180000)
  to   space 12288K, 0% used [0x00000000eb180000,0x00000000eb180000,0x00000000ebd80000)
 ParOldGen       total 56320K, used 22381K [0x00000000a0000000, 0x00000000a3700000, 0x00000000e0000000)
  object space 56320K, 39% used [0x00000000a0000000,0x00000000a15db448,0x00000000a3700000)
 Metaspace       used 57554K, capacity 59048K, committed 59160K, reserved 1101824K
  class space    used 7770K, capacity 8115K, committed 8224K, reserved 1048576K
Event: 17.859 GC heap after
Heap after GC invocations=14 (full 2):
 PSYoungGen      total 182272K, used 9825K [0x00000000e0000000, 0x00000000ebd80000, 0x0000000100000000)
  eden space 169984K, 0% used [0x00000000e0000000,0x00000000e0000000,0x00000000ea600000)
  from space 12288K, 79% used [0x00000000eb180000,0x00000000ebb187f0,0x00000000ebd80000)
  to   space 11776K, 0% used [0x00000000ea600000,0x00000000ea600000,0x00000000eb180000)
 ParOldGen       total 56320K, used 31153K [0x00000000a0000000, 0x00000000a3700000, 0x00000000e0000000)
  object space 56320K, 55% used [0x00000000a0000000,0x00000000a1e6c6d8,0x00000000a3700000)
 Metaspace       used 57554K, capacity 59048K, committed 59160K, reserved 1101824K
  class space    used 7770K, capacity 8115K, committed 8224K, reserved 1048576K
}
Event: 17.859 GC heap before
{Heap before GC invocations=15 (full 3):
 PSYoungGen      total 182272K, used 9825K [0x00000000e0000000, 0x00000000ebd80000, 0x0000000100000000)
  eden space 169984K, 0% used [0x00000000e0000000,0x00000000e0000000,0x00000000ea600000)
  from space 12288K, 79% used [0x00000000eb180000,0x00000000ebb187f0,0x00000000ebd80000)
  to   space 11776K, 0% used [0x00000000ea600000,0x00000000ea600000,0x00000000eb180000)
 ParOldGen       total 56320K, used 31153K [0x00000000a0000000, 0x00000000a3700000, 0x00000000e0000000)
  object space 56320K, 55% used [0x00000000a0000000,0x00000000a1e6c6d8,0x00000000a3700000)
 Metaspace       used 57554K, capacity 59048K, committed 59160K, reserved 1101824K
  class space    used 7770K, capacity 8115K, committed 8224K, reserved 1048576K
Event: 18.155 GC heap after
Heap after GC invocations=15 (full 3):
 PSYoungGen      total 182272K, used 0K [0x00000000e0000000, 0x00000000ebd80000, 0x0000000100000000)
  eden space 169984K, 0% used [0x00000000e0000000,0x00000000e0000000,0x00000000ea600000)
  from space 12288K, 0% used [0x00000000eb180000,0x00000000eb180000,0x00000000ebd80000)
  to   space 11776K, 0% used [0x00000000ea600000,0x00000000ea600000,0x00000000eb180000)
 ParOldGen       total 86528K, used 32103K [0x00000000a0000000, 0x00000000a5480000, 0x00000000e0000000)
  object space 86528K, 37% used [0x00000000a0000000,0x00000000a1f59fe0,0x00000000a5480000)
 Metaspace       used 57554K, capacity 59048K, committed 59160K, reserved 1101824K
  class space    used 7770K, capacity 8115K, committed 8224K, reserved 1048576K
}

