# JRE version: OpenJDK Runtime Environment (8.0_152-b01) (build 1.8.0_152-release-1343-b01)
# Java VM: OpenJDK 64-Bit Server VM (25.152-b01 mixed mode windows-amd64 compressed oops)
Heap:
 PSYoungGen      total 340480K, used 32929K [0x00000000e0000000, 0x00000000fa100000, 0x0000000100000000)
  eden space 325120K, 5% used [0x00000000e0000000,0x00000000e112c678,0x00000000f3d80000)
  from space 15360K, 99% used [0x00000000f5300000,0x00000000f61fc070,0x00000000f6200000)
  to   space 22016K, 0% used [0x00000000f3d80000,0x00000000f3d80000,0x00000000f5300000)
 ParOldGen       total 69632K, used 27124K [0x00000000a0000000, 0x00000000a4400000, 0x00000000e0000000)
  object space 69632K, 38% used [0x00000000a0000000,0x00000000a1a7d010,0x00000000a4400000)
 Metaspace       used 56284K, capacity 57708K, committed 57896K, reserved 1099776K
  class space    used 7563K, capacity 7903K, committed 7984K, reserved 1048576K
GC Heap History (10 events):
Event: 6.705 GC heap before
{Heap before GC invocations=6 (full 1):
 PSYoungGen      total 119296K, used 4578K [0x00000000e0000000, 0x00000000ef900000, 0x0000000100000000)
  eden space 114688K, 0% used [0x00000000e0000000,0x00000000e0000000,0x00000000e7000000)
  from space 4608K, 99% used [0x00000000e7000000,0x00000000e7478a50,0x00000000e7480000)
  to   space 12800K, 0% used [0x00000000eec80000,0x00000000eec80000,0x00000000ef900000)
 ParOldGen       total 76800K, used 12303K [0x00000000a0000000, 0x00000000a4b00000, 0x00000000e0000000)
  object space 76800K, 16% used [0x00000000a0000000,0x00000000a0c03fb8,0x00000000a4b00000)
 Metaspace       used 20724K, capacity 21242K, committed 21296K, reserved 1067008K
  class space    used 2904K, capacity 3091K, committed 3120K, reserved 1048576K
Event: 6.774 GC heap after
Heap after GC invocations=6 (full 1):
 PSYoungGen      total 119296K, used 0K [0x00000000e0000000, 0x00000000ef900000, 0x0000000100000000)
  eden space 114688K, 0% used [0x00000000e0000000,0x00000000e0000000,0x00000000e7000000)
  from space 4608K, 0% used [0x00000000e7000000,0x00000000e7000000,0x00000000e7480000)
  to   space 12800K, 0% used [0x00000000eec80000,0x00000000eec80000,0x00000000ef900000)
 ParOldGen       total 55808K, used 11982K [0x00000000a0000000, 0x00000000a3680000, 0x00000000e0000000)
  object space 55808K, 21% used [0x00000000a0000000,0x00000000a0bb3a28,0x00000000a3680000)
 Metaspace       used 20724K, capacity 21242K, committed 21296K, reserved 1067008K
  class space    used 2904K, capacity 3091K, committed 3120K, reserved 1048576K
}
Event: 9.273 GC heap before
{Heap before GC invocations=7 (full 1):
 PSYoungGen      total 119296K, used 114688K [0x00000000e0000000, 0x00000000ef900000, 0x0000000100000000)
  eden space 114688K, 100% used [0x00000000e0000000,0x00000000e7000000,0x00000000e7000000)
  from space 4608K, 0% used [0x00000000e7000000,0x00000000e7000000,0x00000000e7480000)
  to   space 12800K, 0% used [0x00000000eec80000,0x00000000eec80000,0x00000000ef900000)
 ParOldGen       total 55808K, used 11982K [0x00000000a0000000, 0x00000000a3680000, 0x00000000e0000000)
  object space 55808K, 21% used [0x00000000a0000000,0x00000000a0bb3a28,0x00000000a3680000)
 Metaspace       used 31198K, capacity 31760K, committed 31920K, reserved 1077248K
  class space    used 4284K, capacity 4494K, committed 4528K, reserved 1048576K
Event: 9.318 GC heap after
Heap after GC invocations=7 (full 1):
 PSYoungGen      total 210432K, used 11652K [0x00000000e0000000, 0x00000000ef800000, 0x0000000100000000)
  eden space 198656K, 0% used [0x00000000e0000000,0x00000000e0000000,0x00000000ec200000)
  from space 11776K, 98% used [0x00000000eec80000,0x00000000ef7e1258,0x00000000ef800000)
  to   space 14848K, 0% used [0x00000000edb00000,0x00000000edb00000,0x00000000ee980000)
 ParOldGen       total 55808K, used 11982K [0x00000000a0000000, 0x00000000a3680000, 0x00000000e0000000)
  object space 55808K, 21% used [0x00000000a0000000,0x00000000a0bb3a28,0x00000000a3680000)
 Metaspace       used 31198K, capacity 31760K, committed 31920K, reserved 1077248K
  class space    used 4284K, capacity 4494K, committed 4528K, reserved 1048576K
}
Event: 31.245 GC heap before
{Heap before GC invocations=8 (full 1):
 PSYoungGen      total 210432K, used 76956K [0x00000000e0000000, 0x00000000ef800000, 0x0000000100000000)
  eden space 198656K, 32% used [0x00000000e0000000,0x00000000e3fc6198,0x00000000ec200000)
  from space 11776K, 98% used [0x00000000eec80000,0x00000000ef7e1258,0x00000000ef800000)
  to   space 14848K, 0% used [0x00000000edb00000,0x00000000edb00000,0x00000000ee980000)
 ParOldGen       total 55808K, used 11982K [0x00000000a0000000, 0x00000000a3680000, 0x00000000e0000000)
  object space 55808K, 21% used [0x00000000a0000000,0x00000000a0bb3a28,0x00000000a3680000)
 Metaspace       used 34701K, capacity 35422K, committed 35496K, reserved 1079296K
  class space    used 4783K, capacity 4992K, committed 5040K, reserved 1048576K
Event: 31.262 GC heap after
Heap after GC invocations=8 (full 1):
 PSYoungGen      total 239104K, used 10643K [0x00000000e0000000, 0x00000000f6200000, 0x0000000100000000)
  eden space 224256K, 0% used [0x00000000e0000000,0x00000000e0000000,0x00000000edb00000)
  from space 14848K, 71% used [0x00000000edb00000,0x00000000ee564d58,0x00000000ee980000)
  to   space 15360K, 0% used [0x00000000f5300000,0x00000000f5300000,0x00000000f6200000)
 ParOldGen       total 55808K, used 11990K [0x00000000a0000000, 0x00000000a3680000, 0x00000000e0000000)
  object space 55808K, 21% used [0x00000000a0000000,0x00000000a0bb5a28,0x00000000a3680000)
 Metaspace       used 34701K, capacity 35422K, committed 35496K, reserved 1079296K
  class space    used 4783K, capacity 4992K, committed 5040K, reserved 1048576K
}
Event: 31.262 GC heap before
{Heap before GC invocations=9 (full 2):
 PSYoungGen      total 239104K, used 10643K [0x00000000e0000000, 0x00000000f6200000, 0x0000000100000000)
  eden space 224256K, 0% used [0x00000000e0000000,0x00000000e0000000,0x00000000edb00000)
  from space 14848K, 71% used [0x00000000edb00000,0x00000000ee564d58,0x00000000ee980000)
  to   space 15360K, 0% used [0x00000000f5300000,0x00000000f5300000,0x00000000f6200000)
 ParOldGen       total 55808K, used 11990K [0x00000000a0000000, 0x00000000a3680000, 0x00000000e0000000)
  object space 55808K, 21% used [0x00000000a0000000,0x00000000a0bb5a28,0x00000000a3680000)
 Metaspace       used 34701K, capacity 35422K, committed 35496K, reserved 1079296K
  class space    used 4783K, capacity 4992K, committed 5040K, reserved 1048576K
Event: 31.363 GC heap after
Heap after GC invocations=9 (full 2):
 PSYoungGen      total 239104K, used 0K [0x00000000e0000000, 0x00000000f6200000, 0x0000000100000000)
  eden space 224256K, 0% used [0x00000000e0000000,0x00000000e0000000,0x00000000edb00000)
  from space 14848K, 0% used [0x00000000edb00000,0x00000000edb00000,0x00000000ee980000)
  to   space 15360K, 0% used [0x00000000f5300000,0x00000000f5300000,0x00000000f6200000)
 ParOldGen       total 69632K, used 17392K [0x00000000a0000000, 0x00000000a4400000, 0x00000000e0000000)
  object space 69632K, 24% used [0x00000000a0000000,0x00000000a10fc288,0x00000000a4400000)
 Metaspace       used 34694K, capacity 35398K, committed 35496K, reserved 1079296K
  class space    used 4781K, capacity 4988K, committed 5040K, reserved 1048576K
}
Event: 36.411 GC heap before
{Heap before GC invocations=10 (full 2):
 PSYoungGen      total 239104K, used 224256K [0x00000000e0000000, 0x00000000f6200000, 0x0000000100000000)
  eden space 224256K, 100% used [0x00000000e0000000,0x00000000edb00000,0x00000000edb00000)
  from space 14848K, 0% used [0x00000000edb00000,0x00000000edb00000,0x00000000ee980000)
  to   space 15360K, 0% used [0x00000000f5300000,0x00000000f5300000,0x00000000f6200000)
 ParOldGen       total 69632K, used 17392K [0x00000000a0000000, 0x00000000a4400000, 0x00000000e0000000)
  object space 69632K, 24% used [0x00000000a0000000,0x00000000a10fc288,0x00000000a4400000)
 Metaspace       used 55064K, capacity 56312K, committed 56360K, reserved 1097728K
  class space    used 7374K, capacity 7723K, committed 7728K, reserved 1048576K
Event: 36.447 GC heap after
Heap after GC invocations=10 (full 2):
 PSYoungGen      total 340480K, used 15344K [0x00000000e0000000, 0x00000000fa100000, 0x0000000100000000)
  eden space 325120K, 0% used [0x00000000e0000000,0x00000000e0000000,0x00000000f3d80000)
  from space 15360K, 99% used [0x00000000f5300000,0x00000000f61fc070,0x00000000f6200000)
  to   space 22016K, 0% used [0x00000000f3d80000,0x00000000f3d80000,0x00000000f5300000)
 ParOldGen       total 69632K, used 27124K [0x00000000a0000000, 0x00000000a4400000, 0x00000000e0000000)
  object space 69632K, 38% used [0x00000000a0000000,0x00000000a1a7d010,0x00000000a4400000)
 Metaspace       used 55064K, capacity 56312K, committed 56360K, reserved 1097728K
  class space    used 7374K, capacity 7723K, committed 7728K, reserved 1048576K
}

