# JRE version: OpenJDK Runtime Environment (8.0_152-b01) (build 1.8.0_152-release-1343-b01)
# Java VM: OpenJDK 64-Bit Server VM (25.152-b01 mixed mode windows-amd64 compressed oops)
Heap:
 PSYoungGen      total 198144K, used 44282K [0x00000000e0000000, 0x00000000ed400000, 0x0000000100000000)
  eden space 182784K, 16% used [0x00000000e0000000,0x00000000e1cb3150,0x00000000eb280000)
  from space 15360K, 96% used [0x00000000eb280000,0x00000000ec10ba38,0x00000000ec180000)
  to   space 14848K, 0% used [0x00000000ec180000,0x00000000ec180000,0x00000000ed000000)
 ParOldGen       total 99328K, used 27488K [0x00000000a0000000, 0x00000000a6100000, 0x00000000e0000000)
  object space 99328K, 27% used [0x00000000a0000000,0x00000000a1ad82e0,0x00000000a6100000)
 Metaspace       used 69247K, capacity 71280K, committed 71576K, reserved 1112064K
  class space    used 9161K, capacity 9559K, committed 9632K, reserved 1048576K
GC Heap History (10 events):
Event: 30.507 GC heap before
{Heap before GC invocations=14 (full 2):
 PSYoungGen      total 142848K, used 34958K [0x00000000e0000000, 0x00000000ed000000, 0x0000000100000000)
  eden space 129024K, 17% used [0x00000000e0000000,0x00000000e15de8f0,0x00000000e7e00000)
  from space 13824K, 90% used [0x00000000e7e00000,0x00000000e8a45250,0x00000000e8b80000)
  to   space 14848K, 0% used [0x00000000ec180000,0x00000000ec180000,0x00000000ed000000)
 ParOldGen       total 70144K, used 25600K [0x00000000a0000000, 0x00000000a4480000, 0x00000000e0000000)
  object space 70144K, 36% used [0x00000000a0000000,0x00000000a1900028,0x00000000a4480000)
 Metaspace       used 57501K, capacity 59050K, committed 59160K, reserved 1099776K
  class space    used 7751K, capacity 8144K, committed 8224K, reserved 1048576K
Event: 30.525 GC heap after
Heap after GC invocations=14 (full 2):
 PSYoungGen      total 197632K, used 2787K [0x00000000e0000000, 0x00000000ed400000, 0x0000000100000000)
  eden space 182784K, 0% used [0x00000000e0000000,0x00000000e0000000,0x00000000eb280000)
  from space 14848K, 18% used [0x00000000ec180000,0x00000000ec438df8,0x00000000ed000000)
  to   space 15360K, 0% used [0x00000000eb280000,0x00000000eb280000,0x00000000ec180000)
 ParOldGen       total 70144K, used 29881K [0x00000000a0000000, 0x00000000a4480000, 0x00000000e0000000)
  object space 70144K, 42% used [0x00000000a0000000,0x00000000a1d2e600,0x00000000a4480000)
 Metaspace       used 57501K, capacity 59050K, committed 59160K, reserved 1099776K
  class space    used 7751K, capacity 8144K, committed 8224K, reserved 1048576K
}
Event: 30.525 GC heap before
{Heap before GC invocations=15 (full 3):
 PSYoungGen      total 197632K, used 2787K [0x00000000e0000000, 0x00000000ed400000, 0x0000000100000000)
  eden space 182784K, 0% used [0x00000000e0000000,0x00000000e0000000,0x00000000eb280000)
  from space 14848K, 18% used [0x00000000ec180000,0x00000000ec438df8,0x00000000ed000000)
  to   space 15360K, 0% used [0x00000000eb280000,0x00000000eb280000,0x00000000ec180000)
 ParOldGen       total 70144K, used 29881K [0x00000000a0000000, 0x00000000a4480000, 0x00000000e0000000)
  object space 70144K, 42% used [0x00000000a0000000,0x00000000a1d2e600,0x00000000a4480000)
 Metaspace       used 57501K, capacity 59050K, committed 59160K, reserved 1099776K
  class space    used 7751K, capacity 8144K, committed 8224K, reserved 1048576K
Event: 30.841 GC heap after
Heap after GC invocations=15 (full 3):
 PSYoungGen      total 197632K, used 0K [0x00000000e0000000, 0x00000000ed400000, 0x0000000100000000)
  eden space 182784K, 0% used [0x00000000e0000000,0x00000000e0000000,0x00000000eb280000)
  from space 14848K, 0% used [0x00000000ec180000,0x00000000ec180000,0x00000000ed000000)
  to   space 15360K, 0% used [0x00000000eb280000,0x00000000eb280000,0x00000000ec180000)
 ParOldGen       total 99328K, used 27464K [0x00000000a0000000, 0x00000000a6100000, 0x00000000e0000000)
  object space 99328K, 27% used [0x00000000a0000000,0x00000000a1ad22e0,0x00000000a6100000)
 Metaspace       used 57501K, capacity 59050K, committed 59160K, reserved 1099776K
  class space    used 7751K, capacity 8144K, committed 8224K, reserved 1048576K
}
Event: 42.989 GC heap before
{Heap before GC invocations=16 (full 3):
 PSYoungGen      total 197632K, used 182784K [0x00000000e0000000, 0x00000000ed400000, 0x0000000100000000)
  eden space 182784K, 100% used [0x00000000e0000000,0x00000000eb280000,0x00000000eb280000)
  from space 14848K, 0% used [0x00000000ec180000,0x00000000ec180000,0x00000000ed000000)
  to   space 15360K, 0% used [0x00000000eb280000,0x00000000eb280000,0x00000000ec180000)
 ParOldGen       total 99328K, used 27464K [0x00000000a0000000, 0x00000000a6100000, 0x00000000e0000000)
  object space 99328K, 27% used [0x00000000a0000000,0x00000000a1ad22e0,0x00000000a6100000)
 Metaspace       used 63204K, capacity 65158K, committed 65304K, reserved 1105920K
  class space    used 8510K, capacity 8946K, committed 8992K, reserved 1048576K
Event: 43.008 GC heap after
Heap after GC invocations=16 (full 3):
 PSYoungGen      total 198144K, used 11237K [0x00000000e0000000, 0x00000000ed400000, 0x0000000100000000)
  eden space 182784K, 0% used [0x00000000e0000000,0x00000000e0000000,0x00000000eb280000)
  from space 15360K, 73% used [0x00000000eb280000,0x00000000ebd795c8,0x00000000ec180000)
  to   space 14848K, 0% used [0x00000000ec180000,0x00000000ec180000,0x00000000ed000000)
 ParOldGen       total 99328K, used 27472K [0x00000000a0000000, 0x00000000a6100000, 0x00000000e0000000)
  object space 99328K, 27% used [0x00000000a0000000,0x00000000a1ad42e0,0x00000000a6100000)
 Metaspace       used 63204K, capacity 65158K, committed 65304K, reserved 1105920K
  class space    used 8510K, capacity 8946K, committed 8992K, reserved 1048576K
}
Event: 47.907 GC heap before
{Heap before GC invocations=17 (full 3):
 PSYoungGen      total 198144K, used 194021K [0x00000000e0000000, 0x00000000ed400000, 0x0000000100000000)
  eden space 182784K, 100% used [0x00000000e0000000,0x00000000eb280000,0x00000000eb280000)
  from space 15360K, 73% used [0x00000000eb280000,0x00000000ebd795c8,0x00000000ec180000)
  to   space 14848K, 0% used [0x00000000ec180000,0x00000000ec180000,0x00000000ed000000)
 ParOldGen       total 99328K, used 27472K [0x00000000a0000000, 0x00000000a6100000, 0x00000000e0000000)
  object space 99328K, 27% used [0x00000000a0000000,0x00000000a1ad42e0,0x00000000a6100000)
 Metaspace       used 63502K, capacity 65510K, committed 65560K, reserved 1105920K
  class space    used 8530K, capacity 8978K, committed 8992K, reserved 1048576K
Event: 47.922 GC heap after
Heap after GC invocations=17 (full 3):
 PSYoungGen      total 197632K, used 8168K [0x00000000e0000000, 0x00000000ed400000, 0x0000000100000000)
  eden space 182784K, 0% used [0x00000000e0000000,0x00000000e0000000,0x00000000eb280000)
  from space 14848K, 55% used [0x00000000ec180000,0x00000000ec97a090,0x00000000ed000000)
  to   space 15360K, 0% used [0x00000000eb280000,0x00000000eb280000,0x00000000ec180000)
 ParOldGen       total 99328K, used 27480K [0x00000000a0000000, 0x00000000a6100000, 0x00000000e0000000)
  object space 99328K, 27% used [0x00000000a0000000,0x00000000a1ad62e0,0x00000000a6100000)
 Metaspace       used 63502K, capacity 65510K, committed 65560K, reserved 1105920K
  class space    used 8530K, capacity 8978K, committed 8992K, reserved 1048576K
}
Event: 54.695 GC heap before
{Heap before GC invocations=18 (full 3):
 PSYoungGen      total 197632K, used 190952K [0x00000000e0000000, 0x00000000ed400000, 0x0000000100000000)
  eden space 182784K, 100% used [0x00000000e0000000,0x00000000eb280000,0x00000000eb280000)
  from space 14848K, 55% used [0x00000000ec180000,0x00000000ec97a090,0x00000000ed000000)
  to   space 15360K, 0% used [0x00000000eb280000,0x00000000eb280000,0x00000000ec180000)
 ParOldGen       total 99328K, used 27480K [0x00000000a0000000, 0x00000000a6100000, 0x00000000e0000000)
  object space 99328K, 27% used [0x00000000a0000000,0x00000000a1ad62e0,0x00000000a6100000)
 Metaspace       used 69241K, capacity 71216K, committed 71576K, reserved 1112064K
  class space    used 9161K, capacity 9559K, committed 9632K, reserved 1048576K
Event: 54.730 GC heap after
Heap after GC invocations=18 (full 3):
 PSYoungGen      total 198144K, used 14894K [0x00000000e0000000, 0x00000000ed400000, 0x0000000100000000)
  eden space 182784K, 0% used [0x00000000e0000000,0x00000000e0000000,0x00000000eb280000)
  from space 15360K, 96% used [0x00000000eb280000,0x00000000ec10ba38,0x00000000ec180000)
  to   space 14848K, 0% used [0x00000000ec180000,0x00000000ec180000,0x00000000ed000000)
 ParOldGen       total 99328K, used 27488K [0x00000000a0000000, 0x00000000a6100000, 0x00000000e0000000)
  object space 99328K, 27% used [0x00000000a0000000,0x00000000a1ad82e0,0x00000000a6100000)
 Metaspace       used 69241K, capacity 71216K, committed 71576K, reserved 1112064K
  class space    used 9161K, capacity 9559K, committed 9632K, reserved 1048576K
}

